<?xml version="1.0" encoding="UTF-8"?>
<!-- Generated by org.testng.reporters.JUnitXMLReporter -->
<testsuite hostname="HP" ignored="2" name="Test" tests="3" failures="0" timestamp="05 Jul 2019 03:42:02 GMT" time="0.047" errors="0">
  <testcase name="TC_01" time="0.016" classname="Tests.TestNGGroupEx"/>
  <testcase name="TC_03" time="0.0" classname="Tests.TestNGGroupEx"/>
  <testcase name="TC_05" time="0.0" classname="Tests.TestNGGroupEx"/>
  <testcase name="TC_04" time="0.0" classname="Tests.TestNGGroupEx">
    <ignored/>
  </testcase> <!-- TC_04 -->
  <testcase name="TC_02" time="0.0" classname="Tests.TestNGGroupEx">
    <ignored/>
  </testcase> <!-- TC_02 -->
</testsuite> <!-- Test -->
