<?xml version="1.0" encoding="UTF-8"?>
<!-- Generated by org.testng.reporters.JUnitXMLReporter -->
<testsuite hostname="HP" ignored="0" name="Default test" tests="5" failures="0" timestamp="05 Jul 2019 03:29:18 GMT" time="0.078" errors="0">
  <testcase name="TC_01" time="0.016" classname="Tests.TestNGGroupEx"/>
  <testcase name="TC_02" time="0.0" classname="Tests.TestNGGroupEx"/>
  <testcase name="TC_03" time="0.0" classname="Tests.TestNGGroupEx"/>
  <testcase name="TC_04" time="0.0" classname="Tests.TestNGGroupEx"/>
  <testcase name="TC_05" time="0.016" classname="Tests.TestNGGroupEx"/>
</testsuite> <!-- Default test -->
