<?xml version="1.0" encoding="UTF-8"?>
<!-- Generated by org.testng.reporters.JUnitXMLReporter -->
<testsuite hostname="HP" ignored="0" name="Test" tests="3" failures="0" timestamp="26 Jun 2019 04:19:18 GMT" time="21.604" errors="0">
  <testcase name="firstgooglesession" time="19.355" classname="Tests.classA"/>
  <testcase name="thirdgooglesession" time="20.918" classname="Tests.classC"/>
  <testcase name="secondgooglesession" time="21.574" classname="Tests.classB"/>
</testsuite> <!-- Test -->
