<?xml version="1.0" encoding="UTF-8"?>
<testng-results skipped="0" failed="0" ignored="0" total="1" passed="1">
  <reporter-output>
  </reporter-output>
  <suite name="Default suite" duration-ms="40413" started-at="2019-07-07T08:03:46Z" finished-at="2019-07-07T08:04:27Z">
    <groups>
    </groups>
    <test name="Default test" duration-ms="40413" started-at="2019-07-07T08:03:46Z" finished-at="2019-07-07T08:04:27Z">
      <class name="testcases.TC_ValidateTitle">
        <test-method status="PASS" signature="ValidateTitle()[pri:0, instance:testcases.TC_ValidateTitle@475530b9]" name="ValidateTitle" duration-ms="40303" started-at="2019-07-07T08:03:46Z" finished-at="2019-07-07T08:04:27Z">
          <reporter-output>
          </reporter-output>
        </test-method> <!-- ValidateTitle -->
      </class> <!-- testcases.TC_ValidateTitle -->
    </test> <!-- Default test -->
  </suite> <!-- Default suite -->
</testng-results>
