<?xml version="1.0" encoding="UTF-8"?>
<!-- Generated by org.testng.reporters.JUnitXMLReporter -->
<testsuite hostname="HP" ignored="0" name="Test" tests="3" failures="0" timestamp="26 Jun 2019 04:00:41 GMT" time="27.416" errors="0">
  <testcase name="firstsession" time="23.604" classname="Tests.ParallelTesting"/>
  <testcase name="secondsession" time="26.112" classname="Tests.ParallelTesting"/>
  <testcase name="thirdsession" time="27.364" classname="Tests.ParallelTesting"/>
</testsuite> <!-- Test -->
