<?xml version="1.0" encoding="UTF-8"?>
<testng-results skipped="0" failed="0" ignored="2" total="5" passed="3">
  <reporter-output>
  </reporter-output>
  <suite name="Suite" duration-ms="47" started-at="2019-07-05T03:42:02Z" finished-at="2019-07-05T03:42:02Z">
    <groups>
      <group name="Now">
        <method signature="TestNGGroupEx.TC_01()[pri:0, instance:Tests.TestNGGroupEx@46d56d67]" name="TC_01" class="Tests.TestNGGroupEx"/>
        <method signature="TestNGGroupEx.TC_03()[pri:0, instance:Tests.TestNGGroupEx@46d56d67]" name="TC_03" class="Tests.TestNGGroupEx"/>
        <method signature="TestNGGroupEx.TC_05()[pri:0, instance:Tests.TestNGGroupEx@46d56d67]" name="TC_05" class="Tests.TestNGGroupEx"/>
      </group> <!-- Now -->
    </groups>
    <test name="Test" duration-ms="47" started-at="2019-07-05T03:42:02Z" finished-at="2019-07-05T03:42:02Z">
      <class name="Tests.TestNGGroupEx">
        <test-method status="PASS" signature="TC_01()[pri:0, instance:Tests.TestNGGroupEx@46d56d67]" name="TC_01" duration-ms="16" started-at="2019-07-05T03:42:02Z" finished-at="2019-07-05T03:42:02Z">
          <reporter-output>
          </reporter-output>
        </test-method> <!-- TC_01 -->
        <test-method status="PASS" signature="TC_05()[pri:0, instance:Tests.TestNGGroupEx@46d56d67]" name="TC_05" duration-ms="0" started-at="2019-07-05T03:42:02Z" finished-at="2019-07-05T03:42:02Z">
          <reporter-output>
          </reporter-output>
        </test-method> <!-- TC_05 -->
        <test-method status="PASS" signature="TC_03()[pri:0, instance:Tests.TestNGGroupEx@46d56d67]" name="TC_03" duration-ms="0" started-at="2019-07-05T03:42:02Z" finished-at="2019-07-05T03:42:02Z">
          <reporter-output>
          </reporter-output>
        </test-method> <!-- TC_03 -->
      </class> <!-- Tests.TestNGGroupEx -->
    </test> <!-- Test -->
  </suite> <!-- Suite -->
</testng-results>
